#
# A fatal error has been detected by the Java Runtime Environment:
#
#  EXCEPTION_ACCESS_VIOLATION (0xc0000005) at pc=0x0000000068ce903a, pid=4616, tid=0x0000000000000b08
#
# JRE version: OpenJDK Runtime Environment (8.0_76-b03) (build 1.8.0_76-release-b03)
# Java VM: OpenJDK 64-Bit Server VM (25.76-b03 mixed mode windows-amd64 compressed oops)
# Problematic frame:
# V  [jvm.dll+0x42903a]
#
# Failed to write core dump. Minidumps are not enabled by default on client versions of Windows
#
# If you would like to submit a bug report, please visit:
#   http://bugreport.java.com/bugreport/crash.jsp
#

---------------  T H R E A D  ---------------

Current thread (0x000000005512c000):  JavaThread "C2 CompilerThread0" daemon [_thread_in_native, id=2824, stack(0x0000000056e10000,0x0000000056f10000)]

siginfo: ExceptionCode=0xc0000005, reading address 0x000000030000002f

Registers:
RAX=0x0000000056731858, RBX=0x0000000300000003, RCX=0x0000000000000008, RDX=0x000000007fff0050
RSP=0x0000000056f0bbe0, RBP=0x0000000056f0bc39, RSI=0x0000000000000007, RDI=0x0000000000000008
R8 =0x0000000003087d50, R9 =0x0000000000000100, R10=0x0000000000000000, R11=0x000000008fff0050
R12=0x0000000000000038, R13=0x0000000056731828, R14=0x0000000000000024, R15=0x000000005b9e7760
RIP=0x0000000068ce903a, EFLAGS=0x0000000000010206

Top of Stack: (sp=0x0000000056f0bbe0)
0x0000000056f0bbe0:   0000000068ee3fc8 0000000000000004
0x0000000056f0bbf0:   0000000000000014 000000005b9e74e0
0x0000000056f0bc00:   000000005ba0f530 000000005ba15d38
0x0000000056f0bc10:   0000000000058220 000000005657a2a0
0x0000000056f0bc20:   0000000000000010 000000005ba0f760
0x0000000056f0bc30:   0000000000000009 0000000068eef3f8
0x0000000056f0bc40:   000000005657a2a0 0000000004000000
0x0000000056f0bc50:   000000007fff0050 000000005d287090
0x0000000056f0bc60:   000000005b9e7988 0000000056f0c980
0x0000000056f0bc70:   0000000056f0d308 000000005b9e74e0
0x0000000056f0bc80:   0000000056f0c980 000000005b9e7760
0x0000000056f0bc90:   000000005b9e62b0 0000000068cea92a
0x0000000056f0bca0:   000000005b9e6f08 000000005b9e6f08
0x0000000056f0bcb0:   000000005657a2a0 000000005ba0dd50
0x0000000056f0bcc0:   0000000056f0c980 000000005b9e6448
0x0000000056f0bcd0:   000000005b9e6448 0000000068d7a444 

Instructions: (pc=0x0000000068ce903a)
0x0000000068ce901a:   03 0f 1f 44 00 00 49 8b 45 08 49 8b 1c 04 49 3b
0x0000000068ce902a:   df 0f 84 42 01 00 00 48 85 db 0f 84 a8 00 00 00
0x0000000068ce903a:   0f b7 4b 2c 66 83 e1 0f 66 83 f9 0c 0f 84 96 00
0x0000000068ce904a:   00 00 66 83 f9 08 75 0e 48 8b 43 08 48 83 38 00 


Register to memory mapping:

RAX=0x0000000056731858 is an unknown value
RBX=0x0000000300000003 is an unknown value
RCX=0x0000000000000008 is an unknown value
RDX=0x000000007fff0050 is an unknown value
RSP=0x0000000056f0bbe0 is pointing into the stack for thread: 0x000000005512c000
RBP=0x0000000056f0bc39 is pointing into the stack for thread: 0x000000005512c000
RSI=0x0000000000000007 is an unknown value
RDI=0x0000000000000008 is an unknown value
R8 =0x0000000003087d50 is at entry_point+-16 in (nmethod*)0x0000000003087c10
R9 =0x0000000000000100 is an unknown value
R10=0x0000000000000000 is an unknown value
R11=0x000000008fff0050 is an unknown value
R12=0x0000000000000038 is an unknown value
R13=0x0000000056731828 is an unknown value
R14=0x0000000000000024 is an unknown value
R15=0x000000005b9e7760 is an unknown value


Stack: [0x0000000056e10000,0x0000000056f10000],  sp=0x0000000056f0bbe0,  free space=1006k
Native frames: (J=compiled Java code, j=interpreted, Vv=VM code, C=native code)
V  [jvm.dll+0x42903a]
V  [jvm.dll+0x42a92a]
V  [jvm.dll+0x4d2db3]
V  [jvm.dll+0x4d280a]
V  [jvm.dll+0x43a03f]
V  [jvm.dll+0x43ba43]
V  [jvm.dll+0x41f212]
V  [jvm.dll+0x806e9]
V  [jvm.dll+0x8101f]
V  [jvm.dll+0x21bc14]
V  [jvm.dll+0x26b60a]
C  [msvcr100.dll+0x21d9f]
C  [msvcr100.dll+0x21e3b]
C  [kernel32.dll+0x159cd]
C  [ntdll.dll+0x2a561]


Current CompileTask:
C2:13189126 20829   !   4       java.net.URLClassLoader$1::run (63 bytes)


---------------  P R O C E S S  ---------------

Java Threads: ( => current thread )
  0x000000005b41a800 JavaThread "Stdin handler" [_thread_blocked, id=6000, stack(0x0000000068660000,0x0000000068760000)]
  0x0000000058c4c800 JavaThread "Asynchronous log dispatcher for org.gradle.launcher.daemon.server.DefaultDaemonConnection@76ce475" [_thread_blocked, id=896, stack(0x000000005f140000,0x000000005f240000)]
  0x0000000058c4f800 JavaThread "Daemon worker Thread 18" [_thread_in_vm, id=2432, stack(0x0000000067cc0000,0x0000000067dc0000)]
  0x0000000058c49000 JavaThread "Cancel handler" [_thread_blocked, id=3028, stack(0x0000000062e90000,0x0000000062f90000)]
  0x0000000058c4d000 JavaThread "Handler for socket connection from /127.0.0.1:50205 to /127.0.0.1:57531" [_thread_in_native, id=7804, stack(0x0000000059b10000,0x0000000059c10000)]
  0x0000000058c4e000 JavaThread "Daemon Thread 18" [_thread_blocked, id=7744, stack(0x00000000594b0000,0x00000000595b0000)]
  0x000000005de22800 JavaThread "pool-39-thread-3" [_thread_blocked, id=6936, stack(0x000000006a0a0000,0x000000006a1a0000)]
  0x000000005de24000 JavaThread "pool-39-thread-1" [_thread_blocked, id=6932, stack(0x0000000069e80000,0x0000000069f80000)]
  0x0000000058cda000 JavaThread "pool-39-thread-4" [_thread_blocked, id=6928, stack(0x0000000069d10000,0x0000000069e10000)]
  0x0000000058cd7000 JavaThread "pool-39-thread-2" [_thread_blocked, id=6924, stack(0x0000000063bc0000,0x0000000063cc0000)]
  0x000000005b42f000 JavaThread "stdout" daemon [_thread_in_native, id=2204, stack(0x0000000067e60000,0x0000000067f60000)]
  0x000000005b42e800 JavaThread "stderr" daemon [_thread_in_native, id=3184, stack(0x0000000063260000,0x0000000063360000)]
  0x000000005b42d800 JavaThread "stdout" daemon [_thread_in_native, id=1880, stack(0x0000000067b90000,0x0000000067c90000)]
  0x000000005b42d000 JavaThread "stderr" daemon [_thread_in_native, id=4196, stack(0x0000000067a00000,0x0000000067b00000)]
  0x000000005b42c000 JavaThread "stdout" daemon [_thread_in_native, id=3136, stack(0x0000000060a00000,0x0000000060b00000)]
  0x000000005b42b800 JavaThread "stderr" daemon [_thread_in_native, id=4888, stack(0x00000000678d0000,0x00000000679d0000)]
  0x000000005d26c800 JavaThread "stdout" daemon [_thread_in_native, id=1168, stack(0x00000000677c0000,0x00000000678c0000)]
  0x000000005d26b800 JavaThread "stderr" daemon [_thread_in_native, id=2644, stack(0x0000000067660000,0x0000000067760000)]
  0x000000005d26b000 JavaThread "stdout" daemon [_thread_in_native, id=2828, stack(0x00000000674c0000,0x00000000675c0000)]
  0x0000000058cdb000 JavaThread "stderr" daemon [_thread_in_native, id=3616, stack(0x0000000066e90000,0x0000000066f90000)]
  0x0000000058cd9800 JavaThread "stdout" daemon [_thread_in_native, id=3532, stack(0x0000000063150000,0x0000000063250000)]
  0x0000000058cdb800 JavaThread "stderr" daemon [_thread_in_native, id=2420, stack(0x000000005da00000,0x000000005db00000)]
  0x000000005d26a000 JavaThread "stdout" daemon [_thread_in_native, id=2928, stack(0x0000000067380000,0x0000000067480000)]
  0x000000005d269800 JavaThread "stderr" daemon [_thread_in_native, id=4072, stack(0x0000000067280000,0x0000000067380000)]
  0x000000005d268800 JavaThread "stdout" daemon [_thread_in_native, id=5036, stack(0x0000000067110000,0x0000000067210000)]
  0x000000005d268000 JavaThread "stderr" daemon [_thread_in_native, id=5116, stack(0x0000000066f90000,0x0000000067090000)]
  0x000000005d267000 JavaThread "stdout" daemon [_thread_in_native, id=2852, stack(0x0000000066ba0000,0x0000000066ca0000)]
  0x000000005d266800 JavaThread "stderr" daemon [_thread_in_native, id=4248, stack(0x0000000066980000,0x0000000066a80000)]
  0x000000005d265800 JavaThread "stdout" daemon [_thread_in_native, id=488, stack(0x0000000066ce0000,0x0000000066de0000)]
  0x000000005a3bd800 JavaThread "stderr" daemon [_thread_in_native, id=2404, stack(0x0000000066a80000,0x0000000066b80000)]
  0x000000005a3bd000 JavaThread "stdout" daemon [_thread_in_native, id=464, stack(0x0000000066860000,0x0000000066960000)]
  0x000000005a3bc000 JavaThread "stderr" daemon [_thread_in_native, id=2160, stack(0x00000000663f0000,0x00000000664f0000)]
  0x000000005a3bb800 JavaThread "stdout" daemon [_thread_in_native, id=1552, stack(0x0000000066680000,0x0000000066780000)]
  0x000000005a3ba800 JavaThread "stderr" daemon [_thread_in_native, id=2800, stack(0x0000000066550000,0x0000000066650000)]
  0x000000005a3ba000 JavaThread "stdout" daemon [_thread_in_native, id=5112, stack(0x00000000662a0000,0x00000000663a0000)]
  0x000000005a3b9000 JavaThread "stderr" daemon [_thread_in_native, id=2952, stack(0x0000000066100000,0x0000000066200000)]
  0x000000005a3b8800 JavaThread "stdout" daemon [_thread_in_native, id=2552, stack(0x0000000065d60000,0x0000000065e60000)]
  0x000000005a3b7800 JavaThread "stderr" daemon [_thread_in_native, id=3508, stack(0x0000000065f20000,0x0000000066020000)]
  0x000000005a3b7000 JavaThread "stdout" daemon [_thread_in_native, id=1344, stack(0x0000000065c60000,0x0000000065d60000)]
  0x000000005cfe1800 JavaThread "stderr" daemon [_thread_in_native, id=2820, stack(0x0000000065b40000,0x0000000065c40000)]
  0x000000005cfe1000 JavaThread "stdout" daemon [_thread_in_native, id=2412, stack(0x0000000064e60000,0x0000000064f60000)]
  0x000000005cfe0000 JavaThread "stderr" daemon [_thread_in_native, id=4088, stack(0x0000000065440000,0x0000000065540000)]
  0x000000005cfdf800 JavaThread "stdout" daemon [_thread_in_native, id=1916, stack(0x0000000065960000,0x0000000065a60000)]
  0x000000005cfde800 JavaThread "stderr" daemon [_thread_in_native, id=3816, stack(0x0000000065810000,0x0000000065910000)]
  0x000000005cfde000 JavaThread "png-cruncher_25" daemon [_thread_blocked, id=3536, stack(0x0000000065700000,0x0000000065800000)]
  0x000000005cfdd000 JavaThread "png-cruncher_24" daemon [_thread_blocked, id=2196, stack(0x0000000065590000,0x0000000065690000)]
  0x000000005cfdc800 JavaThread "png-cruncher_23" daemon [_thread_blocked, id=4676, stack(0x0000000065320000,0x0000000065420000)]
  0x000000005cfdb800 JavaThread "png-cruncher_22" daemon [_thread_blocked, id=3628, stack(0x0000000065020000,0x0000000065120000)]
  0x000000005cfda800 JavaThread "png-cruncher_21" daemon [_thread_blocked, id=4032, stack(0x0000000065120000,0x0000000065220000)]
  0x000000005abba000 JavaThread "png-cruncher_20" daemon [_thread_blocked, id=4540, stack(0x0000000064d40000,0x0000000064e40000)]
  0x000000005abb9800 JavaThread "png-cruncher_19" daemon [_thread_blocked, id=4288, stack(0x0000000064be0000,0x0000000064ce0000)]
  0x000000005abb8800 JavaThread "png-cruncher_18" daemon [_thread_blocked, id=5032, stack(0x0000000063000000,0x0000000063100000)]
  0x000000005abb8000 JavaThread "png-cruncher_17" daemon [_thread_blocked, id=2724, stack(0x0000000064a00000,0x0000000064b00000)]
  0x000000005abb7000 JavaThread "png-cruncher_16" daemon [_thread_blocked, id=2676, stack(0x0000000064880000,0x0000000064980000)]
  0x000000005abb6800 JavaThread "stdout" daemon [_thread_in_native, id=4328, stack(0x0000000064780000,0x0000000064880000)]
  0x000000005abb5800 JavaThread "stderr" daemon [_thread_in_native, id=3620, stack(0x0000000064530000,0x0000000064630000)]
  0x000000005abb5000 JavaThread "stdout" daemon [_thread_in_native, id=4604, stack(0x0000000064630000,0x0000000064730000)]
  0x000000005abb4000 JavaThread "stderr" daemon [_thread_in_native, id=4116, stack(0x0000000059340000,0x0000000059440000)]
  0x000000005abb3000 JavaThread "stdout" daemon [_thread_in_native, id=2620, stack(0x00000000604e0000,0x00000000605e0000)]
  0x0000000058cdd000 JavaThread "stderr" daemon [_thread_in_native, id=2476, stack(0x00000000643e0000,0x00000000644e0000)]
  0x0000000058cdc800 JavaThread "png-cruncher_15" daemon [_thread_blocked, id=2308, stack(0x0000000064280000,0x0000000064380000)]
  0x000000005b41b000 JavaThread "png-cruncher_14" daemon [_thread_blocked, id=4740, stack(0x0000000064090000,0x0000000064190000)]
  0x000000005b41e000 JavaThread "png-cruncher_13" daemon [_thread_blocked, id=2416, stack(0x0000000063ea0000,0x0000000063fa0000)]
  0x000000005b41d800 JavaThread "png-cruncher_12" daemon [_thread_blocked, id=3756, stack(0x0000000063cf0000,0x0000000063df0000)]
  0x000000005b41c000 JavaThread "png-cruncher_11" daemon [_thread_blocked, id=4084, stack(0x0000000063a00000,0x0000000063b00000)]
  0x000000005b41f000 JavaThread "png-cruncher_10" daemon [_thread_blocked, id=4168, stack(0x00000000638d0000,0x00000000639d0000)]
  0x000000005b419800 JavaThread "png-cruncher_9" daemon [_thread_blocked, id=4228, stack(0x0000000063730000,0x0000000063830000)]
  0x000000005b419000 JavaThread "png-cruncher_8" daemon [_thread_blocked, id=2036, stack(0x00000000635d0000,0x00000000636d0000)]
  0x000000005b418000 JavaThread "png-cruncher_7" daemon [_thread_blocked, id=1176, stack(0x00000000633f0000,0x00000000634f0000)]
  0x000000005b41c800 JavaThread "png-cruncher_6" daemon [_thread_blocked, id=3512, stack(0x00000000596c0000,0x00000000597c0000)]
  0x0000000058cd8000 JavaThread "pool-5-thread-1" [_thread_blocked, id=3528, stack(0x0000000062310000,0x0000000062410000)]
  0x0000000058c4b000 JavaThread "pool-2-thread-1" [_thread_blocked, id=4488, stack(0x000000005b0b0000,0x000000005b1b0000)]
  0x00000000582be000 JavaThread "File lock request listener" [_thread_in_native, id=1668, stack(0x000000005b200000,0x000000005b300000)]
  0x0000000058208000 JavaThread "pool-1-thread-1" [_thread_blocked, id=4400, stack(0x0000000058d60000,0x0000000058e60000)]
  0x00000000573ce000 JavaThread "Incoming local TCP Connector on port 50205" [_thread_in_native, id=4068, stack(0x0000000059040000,0x0000000059140000)]
  0x0000000056604800 JavaThread "Service Thread" daemon [_thread_blocked, id=4172, stack(0x0000000057140000,0x0000000057240000)]
  0x0000000056592000 JavaThread "C1 CompilerThread2" daemon [_thread_blocked, id=3012, stack(0x0000000056f60000,0x0000000057060000)]
  0x0000000056588000 JavaThread "C2 CompilerThread1" daemon [_thread_in_native, id=4436, stack(0x0000000056c90000,0x0000000056d90000)]
=>0x000000005512c000 JavaThread "C2 CompilerThread0" daemon [_thread_in_native, id=2824, stack(0x0000000056e10000,0x0000000056f10000)]
  0x000000005657b800 JavaThread "Attach Listener" daemon [_thread_blocked, id=4820, stack(0x00000000569c0000,0x0000000056ac0000)]
  0x000000005511c000 JavaThread "Signal Dispatcher" daemon [_thread_blocked, id=3744, stack(0x0000000056b40000,0x0000000056c40000)]
  0x0000000055107800 JavaThread "Finalizer" daemon [_thread_blocked, id=4180, stack(0x0000000056470000,0x0000000056570000)]
  0x00000000550c0800 JavaThread "Reference Handler" daemon [_thread_blocked, id=4736, stack(0x0000000056320000,0x0000000056420000)]
  0x000000000278f000 JavaThread "main" [_thread_blocked, id=3936, stack(0x00000000027f0000,0x00000000028f0000)]

Other Threads:
  0x00000000550b9000 VMThread [stack: 0x0000000056150000,0x0000000056250000] [id=4300]
  0x0000000056629000 WatcherThread [stack: 0x00000000572a0000,0x00000000573a0000] [id=3644]

VM state:not at safepoint (normal execution)

VM Mutex/Monitor currently owned by a thread: None

Heap:
 PSYoungGen      total 291328K, used 54625K [0x00000000eab00000, 0x00000000ffa00000, 0x0000000100000000)
  eden space 279552K, 15% used [0x00000000eab00000,0x00000000ed544450,0x00000000fbc00000)
  from space 11776K, 96% used [0x00000000fbc00000,0x00000000fc714010,0x00000000fc780000)
  to   space 31744K, 0% used [0x00000000fdb00000,0x00000000fdb00000,0x00000000ffa00000)
 ParOldGen       total 159232K, used 39164K [0x00000000c0000000, 0x00000000c9b80000, 0x00000000eab00000)
  object space 159232K, 24% used [0x00000000c0000000,0x00000000c263f260,0x00000000c9b80000)
 Metaspace       used 86732K, capacity 92158K, committed 97328K, reserved 1134592K
  class space    used 11092K, capacity 11880K, committed 13104K, reserved 1048576K

Card table byte_map: [0x0000000011d30000,0x0000000011f40000] byte_map_base: 0x0000000011730000

Marking Bits: (ParMarkBitMap*) 0x0000000069079d00
 Begin Bits: [0x0000000012530000, 0x0000000013530000)
 End Bits:   [0x0000000013530000, 0x0000000014530000)

Polling page: 0x0000000000460000

CodeCache: size=245760Kb used=56472Kb max_used=56626Kb free=189287Kb
 bounds [0x0000000002970000, 0x0000000006160000, 0x0000000011970000]
 total_blobs=16734 nmethods=15960 adapters=685
 compilation: enabled

Compilation events (10 events):
Event: 13183.800 Thread 0x0000000056592000 20854       3       com.google.common.collect.AbstractMapBasedMultimap$WrappedCollection$WrappedIterator::validateIterator (30 bytes)
Event: 13183.800 Thread 0x0000000056592000 nmethod 20854 0x0000000003f34110 code [0x0000000003f342a0, 0x0000000003f345b8]
Event: 13183.800 Thread 0x0000000056592000 20855   !   3       sun.reflect.GeneratedMethodAccessor962::invoke (63 bytes)
Event: 13183.801 Thread 0x0000000056592000 nmethod 20855 0x0000000002ec68d0 code [0x0000000002ec6aa0, 0x0000000002ec7128]
Event: 13183.801 Thread 0x0000000056592000 20856       3       org.jetbrains.plugins.gradle.model.DefaultExternalLibraryDependency::hashCode (25 bytes)
Event: 13183.802 Thread 0x0000000056592000 nmethod 20856 0x00000000040837d0 code [0x00000000040839a0, 0x0000000004084118]
Event: 13183.802 Thread 0x0000000056592000 20857       3       org.jetbrains.plugins.gradle.model.AbstractExternalDependency::hashCode (39 bytes)
Event: 13183.802 Thread 0x0000000056592000 nmethod 20857 0x000000000405dfd0 code [0x000000000405e180, 0x000000000405e868]
Event: 13183.802 Thread 0x0000000056592000 20858       3       org.jetbrains.plugins.gradle.DefaultExternalDependencyId::hashCode (43 bytes)
Event: 13183.803 Thread 0x0000000056592000 nmethod 20858 0x0000000003f6d010 code [0x0000000003f6d1c0, 0x0000000003f6d9c8]

GC Heap History (10 events):
Event: 9110.162 GC heap before
{Heap before GC invocations=47 (full 16):
 PSYoungGen      total 311808K, used 189940K [0x00000000eab00000, 0x0000000100000000, 0x0000000100000000)
  eden space 274432K, 69% used [0x00000000eab00000,0x00000000f647d090,0x00000000fb700000)
  from space 37376K, 0% used [0x00000000fdb80000,0x00000000fdb80000,0x0000000100000000)
  to   space 37376K, 0% used [0x00000000fb700000,0x00000000fb700000,0x00000000fdb80000)
 ParOldGen       total 159232K, used 39110K [0x00000000c0000000, 0x00000000c9b80000, 0x00000000eab00000)
  object space 159232K, 24% used [0x00000000c0000000,0x00000000c26318c8,0x00000000c9b80000)
 Metaspace       used 85143K, capacity 89890K, committed 97328K, reserved 1134592K
  class space    used 10804K, capacity 11467K, committed 13104K, reserved 1048576K
Event: 9110.188 GC heap after
Heap after GC invocations=47 (full 16):
 PSYoungGen      total 311808K, used 7600K [0x00000000eab00000, 0x0000000100000000, 0x0000000100000000)
  eden space 274432K, 0% used [0x00000000eab00000,0x00000000eab00000,0x00000000fb700000)
  from space 37376K, 20% used [0x00000000fb700000,0x00000000fbe6c030,0x00000000fdb80000)
  to   space 35840K, 0% used [0x00000000fdd00000,0x00000000fdd00000,0x0000000100000000)
 ParOldGen       total 159232K, used 39110K [0x00000000c0000000, 0x00000000c9b80000, 0x00000000eab00000)
  object space 159232K, 24% used [0x00000000c0000000,0x00000000c26318c8,0x00000000c9b80000)
 Metaspace       used 85143K, capacity 89890K, committed 97328K, reserved 1134592K
  class space    used 10804K, capacity 11467K, committed 13104K, reserved 1048576K
}
Event: 9110.188 GC heap before
{Heap before GC invocations=48 (full 17):
 PSYoungGen      total 311808K, used 7600K [0x00000000eab00000, 0x0000000100000000, 0x0000000100000000)
  eden space 274432K, 0% used [0x00000000eab00000,0x00000000eab00000,0x00000000fb700000)
  from space 37376K, 20% used [0x00000000fb700000,0x00000000fbe6c030,0x00000000fdb80000)
  to   space 35840K, 0% used [0x00000000fdd00000,0x00000000fdd00000,0x0000000100000000)
 ParOldGen       total 159232K, used 39110K [0x00000000c0000000, 0x00000000c9b80000, 0x00000000eab00000)
  object space 159232K, 24% used [0x00000000c0000000,0x00000000c26318c8,0x00000000c9b80000)
 Metaspace       used 85143K, capacity 89890K, committed 97328K, reserved 1134592K
  class space    used 10804K, capacity 11467K, committed 13104K, reserved 1048576K
Event: 9111.590 GC heap after
Heap after GC invocations=48 (full 17):
 PSYoungGen      total 311808K, used 0K [0x00000000eab00000, 0x0000000100000000, 0x0000000100000000)
  eden space 274432K, 0% used [0x00000000eab00000,0x00000000eab00000,0x00000000fb700000)
  from space 37376K, 0% used [0x00000000fb700000,0x00000000fb700000,0x00000000fdb80000)
  to   space 35840K, 0% used [0x00000000fdd00000,0x00000000fdd00000,0x0000000100000000)
 ParOldGen       total 159232K, used 44729K [0x00000000c0000000, 0x00000000c9b80000, 0x00000000eab00000)
  object space 159232K, 28% used [0x00000000c0000000,0x00000000c2bae610,0x00000000c9b80000)
 Metaspace       used 85143K, capacity 89890K, committed 97328K, reserved 1134592K
  class space    used 10804K, capacity 11467K, committed 13104K, reserved 1048576K
}
Event: 11849.155 GC heap before
{Heap before GC invocations=49 (full 17):
 PSYoungGen      total 311808K, used 182715K [0x00000000eab00000, 0x0000000100000000, 0x0000000100000000)
  eden space 274432K, 66% used [0x00000000eab00000,0x00000000f5d6eec8,0x00000000fb700000)
  from space 37376K, 0% used [0x00000000fb700000,0x00000000fb700000,0x00000000fdb80000)
  to   space 35840K, 0% used [0x00000000fdd00000,0x00000000fdd00000,0x0000000100000000)
 ParOldGen       total 159232K, used 44729K [0x00000000c0000000, 0x00000000c9b80000, 0x00000000eab00000)
  object space 159232K, 28% used [0x00000000c0000000,0x00000000c2bae610,0x00000000c9b80000)
 Metaspace       used 87137K, capacity 92848K, committed 97328K, reserved 1134592K
  class space    used 11188K, capacity 12112K, committed 13104K, reserved 1048576K
Event: 11849.179 GC heap after
Heap after GC invocations=49 (full 17):
 PSYoungGen      total 315392K, used 13034K [0x00000000eab00000, 0x0000000100000000, 0x0000000100000000)
  eden space 279552K, 0% used [0x00000000eab00000,0x00000000eab00000,0x00000000fbc00000)
  from space 35840K, 36% used [0x00000000fdd00000,0x00000000fe9baa38,0x0000000100000000)
  to   space 33792K, 0% used [0x00000000fbc00000,0x00000000fbc00000,0x00000000fdd00000)
 ParOldGen       total 159232K, used 44737K [0x00000000c0000000, 0x00000000c9b80000, 0x00000000eab00000)
  object space 159232K, 28% used [0x00000000c0000000,0x00000000c2bb0610,0x00000000c9b80000)
 Metaspace       used 87137K, capacity 92848K, committed 97328K, reserved 1134592K
  class space    used 11188K, capacity 12112K, committed 13104K, reserved 1048576K
}
Event: 11849.179 GC heap before
{Heap before GC invocations=50 (full 18):
 PSYoungGen      total 315392K, used 13034K [0x00000000eab00000, 0x0000000100000000, 0x0000000100000000)
  eden space 279552K, 0% used [0x00000000eab00000,0x00000000eab00000,0x00000000fbc00000)
  from space 35840K, 36% used [0x00000000fdd00000,0x00000000fe9baa38,0x0000000100000000)
  to   space 33792K, 0% used [0x00000000fbc00000,0x00000000fbc00000,0x00000000fdd00000)
 ParOldGen       total 159232K, used 44737K [0x00000000c0000000, 0x00000000c9b80000, 0x00000000eab00000)
  object space 159232K, 28% used [0x00000000c0000000,0x00000000c2bb0610,0x00000000c9b80000)
 Metaspace       used 87137K, capacity 92848K, committed 97328K, reserved 1134592K
  class space    used 11188K, capacity 12112K, committed 13104K, reserved 1048576K
Event: 11849.784 GC heap after
Heap after GC invocations=50 (full 18):
 PSYoungGen      total 315392K, used 0K [0x00000000eab00000, 0x0000000100000000, 0x0000000100000000)
  eden space 279552K, 0% used [0x00000000eab00000,0x00000000eab00000,0x00000000fbc00000)
  from space 35840K, 0% used [0x00000000fdd00000,0x00000000fdd00000,0x0000000100000000)
  to   space 33792K, 0% used [0x00000000fbc00000,0x00000000fbc00000,0x00000000fdd00000)
 ParOldGen       total 159232K, used 39164K [0x00000000c0000000, 0x00000000c9b80000, 0x00000000eab00000)
  object space 159232K, 24% used [0x00000000c0000000,0x00000000c263f260,0x00000000c9b80000)
 Metaspace       used 85028K, capacity 89634K, committed 97328K, reserved 1134592K
  class space    used 10761K, capacity 11383K, committed 13104K, reserved 1048576K
}
Event: 13182.518 GC heap before
{Heap before GC invocations=51 (full 18):
 PSYoungGen      total 315392K, used 279552K [0x00000000eab00000, 0x0000000100000000, 0x0000000100000000)
  eden space 279552K, 100% used [0x00000000eab00000,0x00000000fbc00000,0x00000000fbc00000)
  from space 35840K, 0% used [0x00000000fdd00000,0x00000000fdd00000,0x0000000100000000)
  to   space 33792K, 0% used [0x00000000fbc00000,0x00000000fbc00000,0x00000000fdd00000)
 ParOldGen       total 159232K, used 39164K [0x00000000c0000000, 0x00000000c9b80000, 0x00000000eab00000)
  object space 159232K, 24% used [0x00000000c0000000,0x00000000c263f260,0x00000000c9b80000)
 Metaspace       used 85746K, capacity 90830K, committed 97328K, reserved 1134592K
  class space    used 10891K, capacity 11623K, committed 13104K, reserved 1048576K
Event: 13182.694 GC heap after
Heap after GC invocations=51 (full 18):
 PSYoungGen      total 291328K, used 11344K [0x00000000eab00000, 0x00000000ffa00000, 0x0000000100000000)
  eden space 279552K, 0% used [0x00000000eab00000,0x00000000eab00000,0x00000000fbc00000)
  from space 11776K, 96% used [0x00000000fbc00000,0x00000000fc714010,0x00000000fc780000)
  to   space 31744K, 0% used [0x00000000fdb00000,0x00000000fdb00000,0x00000000ffa00000)
 ParOldGen       total 159232K, used 39164K [0x00000000c0000000, 0x00000000c9b80000, 0x00000000eab00000)
  object space 159232K, 24% used [0x00000000c0000000,0x00000000c263f260,0x00000000c9b80000)
 Metaspace       used 85746K, capacity 90830K, committed 97328K, reserved 1134592K
  class space    used 10891K, capacity 11623K, committed 13104K, reserved 1048576K
}

Deoptimization events (10 events):
Event: 11846.963 Thread 0x0000000058c4d000 Uncommon trap: reason=null_check action=make_not_entrant pc=0x000000000546672c method=org.codehaus.groovy.reflection.ClassInfo.getWeakMetaClass()Lgroovy/lang/MetaClass; @ 17
Event: 11847.784 Thread 0x0000000058c4d000 Uncommon trap: reason=unstable_if action=reinterpret pc=0x00000000041115c0 method=org.codehaus.groovy.ast.ClassNode.getInterfaces()[Lorg/codehaus/groovy/ast/ClassNode; @ 7
Event: 11848.278 Thread 0x0000000058c4d000 Uncommon trap: reason=unstable_if action=reinterpret pc=0x000000000528e4d8 method=java.lang.ref.SoftReference.get()Ljava/lang/Object; @ 6
Event: 11849.143 Thread 0x0000000058c4d000 Uncommon trap: reason=bimorphic action=maybe_recompile pc=0x0000000003812014 method=java.util.HashMap.removeNode(ILjava/lang/Object;Ljava/lang/Object;ZZ)Ljava/util/HashMap$Node; @ 143
Event: 11851.895 Thread 0x0000000058c4e000 Uncommon trap: reason=unstable_if action=reinterpret pc=0x0000000004f9cb58 method=sun.util.locale.provider.LocaleResources.removeEmptyReferences()V @ 9
Event: 11851.934 Thread 0x0000000058c4d000 Uncommon trap: reason=unstable_if action=reinterpret pc=0x0000000004eb2cf8 method=java.lang.ref.SoftReference.get()Ljava/lang/Object; @ 6
Event: 11852.065 Thread 0x0000000058c4d000 Uncommon trap: reason=null_check action=make_not_entrant pc=0x0000000005c00e48 method=org.codehaus.groovy.reflection.CachedClass.<init>(Ljava/lang/Class;Lorg/codehaus/groovy/reflection/ClassInfo;)V @ 157
Event: 11854.043 Thread 0x0000000058c4d000 Uncommon trap: reason=null_check action=make_not_entrant pc=0x00000000054acc50 method=org.codehaus.groovy.reflection.ClassInfo.getWeakMetaClass()Lgroovy/lang/MetaClass; @ 17
Event: 13181.113 Thread 0x0000000058c4f800 Uncommon trap: reason=unstable_if action=reinterpret pc=0x0000000005afa89c method=java.util.GregorianCalendar.computeFields(II)I @ 1308
Event: 13183.344 Thread 0x0000000058c4f800 Uncommon trap: reason=null_check action=make_not_entrant pc=0x00000000047e9110 method=org.codehaus.groovy.reflection.CachedClass.<init>(Ljava/lang/Class;Lorg/codehaus/groovy/reflection/ClassInfo;)V @ 165

Internal exceptions (10 events):
Event: 13183.745 Thread 0x0000000058c4f800 Exception <a 'java/lang/ClassNotFoundException': com/google/common/collect/AbstractMapBasedMultimap$RandomAccessWrappedListBeanInfo> (0x00000000ed0540b8) thrown at [C:\src\android\AOSP-openjdk\external\jetbrains\jdk\hotspot\src\share\vm\classfile\systemDics”ï`ß¿É@
Event: 13183.745 Thread 0x0000000058c4f800 Exception <a 'java/lang/ClassNotFoundException': com/google/common/collect/AbstractMapBasedMultimap$WrappedListBeanInfo> (0x00000000ed061278) thrown at [C:\src\android\AOSP-openjdk\external\jetbrains\jdk\hotspot\src\share\vm\classfile\systemDictionary.cpp,2þŸrß¿É@
Event: 13183.746 Thread 0x0000000058c4f800 Exception <a 'java/lang/ClassNotFoundException': com/google/common/collect/AbstractMapBasedMultimap$WrappedCollectionBeanInfo> (0x00000000ed06ee98) thrown at [C:\src\android\AOSP-openjdk\external\jetbrains\jdk\hotspot\src\share\vm\classfile\systemDictionarû‚h„ß¿É@
Event: 13183.746 Thread 0x0000000058c4f800 Exception <a 'java/lang/ClassNotFoundException': com/google/common/collect/AbstractMapBasedMultimap$WrappedCollectionCustomizer> (0x00000000ed07ccd0) thrown at [C:\src\android\AOSP-openjdk\external\jetbrains\jdk\hotspot\src\share\vm\classfile\systemDictionï»ÑÌß¿É@
Event: 13183.748 Thread 0x0000000058c4f800 Exception <a 'java/lang/ClassNotFoundException': com/google/common/collect/AbstractMapBasedMultimap$WrappedListCustomizer> (0x00000000ed0a2390) thrown at [C:\src\android\AOSP-openjdk\external\jetbrains\jdk\hotspot\src\share\vm\classfile\systemDictionary.cpý/íß¿É@
Event: 13183.749 Thread 0x0000000058c4f800 Exception <a 'java/lang/ClassNotFoundException': com/google/common/collect/AbstractMapBasedMultimap$RandomAccessWrappedListCustomizer> (0x00000000ed0c2ce0) thrown at [C:\src\android\AOSP-openjdk\external\jetbrains\jdk\hotspot\src\share\vm\classfile\systemDœ‹ã*á¿É@
Event: 13183.759 Thread 0x0000000058c4f800 Exception <a 'java/lang/ClassNotFoundException': org/jetbrains/plugins/gradle/model/DefaultExternalLibraryDependencyBeanInfo> (0x00000000ed1562d8) thrown at [C:\src\android\AOSP-openjdk\external\jetbrains\jdk\hotspot\src\share\vm\classfile\systemDictionaryÕæt?á¿É@
Event: 13183.760 Thread 0x0000000058c4f800 Exception <a 'java/lang/ClassNotFoundException': org/jetbrains/plugins/gradle/model/AbstractExternalDependencyBeanInfo> (0x00000000ed163678) thrown at [C:\src\android\AOSP-openjdk\external\jetbrains\jdk\hotspot\src\share\vm\classfile\systemDictionary.cpp, ²¡mQá¿É@
Event: 13183.760 Thread 0x0000000058c4f800 Exception <a 'java/lang/ClassNotFoundException': org/jetbrains/plugins/gradle/model/AbstractExternalDependencyCustomizer> (0x00000000ed1709e8) thrown at [C:\src\android\AOSP-openjdk\external\jetbrains\jdk\hotspot\src\share\vm\classfile\systemDictionary.cpp
Event: 13183.761 Thread 0x0000000058c4f800 Exception <a 'java/lang/ClassNotFoundException': org/jetbrains/plugins/gradle/model/DefaultExternalLibraryDependencyCustomizer> (0x00000000ed19adc8) thrown at [C:\src\android\AOSP-openjdk\external\jetbrains\jdk\hotspot\src\share\vm\classfile\systemDictionaÒáOß¿É@

Events (10 events):
Event: 13183.761 loading class org/jetbrains/plugins/gradle/model/DefaultExternalLibraryDependencyCustomizer
Event: 13183.761 loading class org/jetbrains/plugins/gradle/model/DefaultExternalLibraryDependencyCustomizer done
Event: 13183.765 loading class groovy/runtime/metaclass/org/jetbrains/plugins/gradle/tooling/util/DependencyResolverImpl$DependencyResultsTransformer$_transform_closure1$_closure4$_closure12MetaClass
Event: 13183.765 loading class groovy/runtime/metaclass/org/jetbrains/plugins/gradle/tooling/util/DependencyResolverImpl$DependencyResultsTransformer$_transform_closure1$_closure4$_closure12MetaClass done
Event: 13183.766 loading class groovy/runtime/metaclass/org/jetbrains/plugins/gradle/tooling/util/DependencyResolverImpl$DependencyResultsTransformer$_transform_closure1$_closure4$_closure13MetaClass
Event: 13183.766 loading class groovy/runtime/metaclass/org/jetbrains/plugins/gradle/tooling/util/DependencyResolverImpl$DependencyResultsTransformer$_transform_closure1$_closure4$_closure13MetaClass done
Event: 13183.773 loading class groovy/runtime/metaclass/org/gradle/api/internal/artifacts/result/DefaultResolvedArtifactResultMetaClass
Event: 13183.773 loading class groovy/runtime/metaclass/org/gradle/api/internal/artifacts/result/DefaultResolvedArtifactResultMetaClass done
Event: 13183.922 loading class groovy/runtime/metaclass/org/jetbrains/plugins/gradle/tooling/util/DependencyResolverImpl$_findAllFileDependencies_closure18MetaClass
Event: 13183.922 loading class groovy/runtime/metaclass/org/jetbrains/plugins/gradle/tooling/util/DependencyResolverImpl$_findAllFileDependencies_closure18MetaClass done


Dynamic libraries:
0x000000013f560000 - 0x000000013f591000 	C:\work\android-studio\jre\bin\java.exe
0x00000000772f0000 - 0x000000007749a000 	C:\windows\SYSTEM32\ntdll.dll
0x00000000770d0000 - 0x00000000771ef000 	C:\windows\system32\kernel32.dll
0x000007fefd470000 - 0x000007fefd4da000 	C:\windows\system32\KERNELBASE.dll
0x000007fefdee0000 - 0x000007fefdfbb000 	C:\windows\system32\ADVAPI32.dll
0x000007fefd570000 - 0x000007fefd60f000 	C:\windows\system32\msvcrt.dll
0x000007fefdb30000 - 0x000007fefdb4f000 	C:\windows\SYSTEM32\sechost.dll
0x000007fefda00000 - 0x000007fefdb2d000 	C:\windows\system32\RPCRT4.dll
0x00000000771f0000 - 0x00000000772ea000 	C:\windows\system32\USER32.dll
0x000007fefdfc0000 - 0x000007fefe027000 	C:\windows\system32\GDI32.dll
0x000007feff360000 - 0x000007feff36e000 	C:\windows\system32\LPK.dll
0x000007fefd610000 - 0x000007fefd6da000 	C:\windows\system32\USP10.dll
0x000007fefbaa0000 - 0x000007fefbc94000 	C:\windows\WinSxS\amd64_microsoft.windows.common-controls_6595b64144ccf1df_6.0.7601.18837_none_fa3b1e3d17594757\COMCTL32.dll
0x000007fefd4f0000 - 0x000007fefd561000 	C:\windows\system32\SHLWAPI.dll
0x000007feff3f0000 - 0x000007feff41e000 	C:\windows\system32\IMM32.DLL
0x000007fefd6e0000 - 0x000007fefd7e9000 	C:\windows\system32\MSCTF.dll
0x000007fefd060000 - 0x000007fefd0a0000 	C:\windows\system32\nvinitx.dll
0x000000006c6a0000 - 0x000000006c772000 	C:\work\android-studio\jre\jre\bin\msvcr100.dll
0x00000000688c0000 - 0x00000000690f4000 	C:\work\android-studio\jre\jre\bin\server\jvm.dll
0x000007fef5910000 - 0x000007fef5919000 	C:\windows\system32\WSOCK32.dll
0x000007fefe2c0000 - 0x000007fefe30d000 	C:\windows\system32\WS2_32.dll
0x000007fefe310000 - 0x000007fefe318000 	C:\windows\system32\NSI.dll
0x000007fefa610000 - 0x000007fefa64b000 	C:\windows\system32\WINMM.dll
0x000007fefc190000 - 0x000007fefc19c000 	C:\windows\system32\VERSION.dll
0x00000000774b0000 - 0x00000000774b7000 	C:\windows\system32\PSAPI.DLL
0x000007fef5900000 - 0x000007fef590f000 	C:\work\android-studio\jre\jre\bin\verify.dll
0x000007fef0b80000 - 0x000007fef0ba9000 	C:\work\android-studio\jre\jre\bin\java.dll
0x000007fef2c00000 - 0x000007fef2c16000 	C:\work\android-studio\jre\jre\bin\zip.dll
0x000007fefe320000 - 0x000007feff0a9000 	C:\windows\system32\SHELL32.dll
0x000007fefd7f0000 - 0x000007fefd9f3000 	C:\windows\system32\ole32.dll
0x000007fefd130000 - 0x000007fefd13f000 	C:\windows\system32\profapi.dll
0x000007feef050000 - 0x000007feef06a000 	C:\work\android-studio\jre\jre\bin\net.dll
0x000007fefc860000 - 0x000007fefc8b5000 	C:\windows\system32\mswsock.dll
0x000007fefc850000 - 0x000007fefc857000 	C:\windows\System32\wship6.dll
0x000007feef030000 - 0x000007feef041000 	C:\work\android-studio\jre\jre\bin\nio.dll
0x000007fefb820000 - 0x000007fefb832000 	C:\Users\wangwenhua\.gradle\native\19\windows-amd64\native-platform.dll
0x000007fefc8c0000 - 0x000007fefc8d7000 	C:\windows\system32\CRYPTSP.dll
0x000007fefc5c0000 - 0x000007fefc607000 	C:\windows\system32\rsaenh.dll
0x000007fefd1d0000 - 0x000007fefd1ee000 	C:\windows\system32\USERENV.dll
0x000007fefcf50000 - 0x000007fefcf5f000 	C:\windows\system32\CRYPTBASE.dll
0x000007fef9d10000 - 0x000007fef9d37000 	C:\windows\system32\IPHLPAPI.DLL
0x000007fef9d00000 - 0x000007fef9d0b000 	C:\windows\system32\WINNSI.DLL
0x000007fef9410000 - 0x000007fef9421000 	C:\windows\system32\dhcpcsvc6.DLL
0x000007fef9430000 - 0x000007fef9448000 	C:\windows\system32\dhcpcsvc.DLL
0x000007fef4b90000 - 0x000007fef4b9d000 	C:\work\android-studio\jre\jre\bin\management.dll
0x000007fefcef0000 - 0x000007fefcf47000 	C:\windows\system32\apphelp.dll
0x000007fef28a0000 - 0x000007fef29c5000 	C:\windows\system32\dbghelp.dll

VM Arguments:
jvm_args: -XX:MaxPermSize=256m -XX:+HeapDumpOnOutOfMemoryError -Xmx1024m -Dfile.encoding=GBK -Duser.country=CN -Duser.language=zh -Duser.variant 
java_command: org.gradle.launcher.daemon.bootstrap.GradleDaemon 2.14.1
java_class_path (initial): C:\Users\wangwenhua\.gradle\wrapper\dists\gradle-2.14.1-all\8bnwg5hd3w55iofp58khbp6yv\gradle-2.14.1\lib\gradle-launcher-2.14.1.jar
Launcher Type: SUN_STANDARD

Environment Variables:
JAVA_HOME=C:\Program Files\Java\jdk1.8.0_91
PATH=C:\Program Files\ImageMagick-7.0.3-Q16;C:\ProgramData\Oracle\Java\javapath;C:\windows\system32;C:\windows;C:\windows\System32\Wbem;C:\windows\System32\WindowsPowerShell\v1.0\;C:\Program Files\Java\jdk1.8.0_91\bin;D:\PHP\php7;D:\PHP\php7\ext;D:\PHP\mysql56\bin;C:\Python27;C:\Python34;C:\javaweb\apache-maven-3.3.9\bin;C:\work\android-sdk-windows\platform-tools
USERNAME=wangwenhua
OS=Windows_NT
PROCESSOR_IDENTIFIER=Intel64 Family 6 Model 42 Stepping 7, GenuineIntel



---------------  S Y S T E M  ---------------

OS: Windows 7 , 64 bit Build 7601 (6.1.7601.23569)

CPU:total 4 (2 cores per cpu, 2 threads per core) family 6 model 42 stepping 7, cmov, cx8, fxsr, mmx, sse, sse2, sse3, ssse3, sse4.1, sse4.2, popcnt, avx, aes, clmul, ht, tsc, tscinvbit

Memory: 4k page, physical 8331120k(1619148k free), swap 16660380k(9797660k free)

vm_info: OpenJDK 64-Bit Server VM (25.76-b03) for windows-amd64 JRE (1.8.0_76-release-b03), built on Jun 29 2016 19:09:20 by "ralucas" with MS VC++ 10.0 (VS2010)

time: Mon Jan 16 14:50:45 2017
elapsed time: 13183 seconds (0d 3h 39m 43s)

